<?xml version="1.0" encoding="UTF-8"?>
<coverage generated="1581588745007" clover="3.2.0">
  <project timestamp="1581588745008" name="All files">
    <metrics statements="107" coveredstatements="34" conditionals="29" coveredconditionals="6" methods="34" coveredmethods="6" elements="170" coveredelements="46" complexity="0" loc="107" ncloc="107" packages="8" files="13" classes="13"/>
    <package name="ListApp">
      <metrics statements="3" coveredstatements="3" conditionals="0" coveredconditionals="0" methods="1" coveredmethods="1"/>
      <file name="App.js" path="/Users/Steini/Desktop/HÍ_2020/Gæðastjórnun/Project/sqm/ListApp/App.js">
        <metrics statements="3" coveredstatements="3" conditionals="0" coveredconditionals="0" methods="1" coveredmethods="1"/>
        <line num="7" count="1" type="stmt"/>
        <line num="11" count="1" type="stmt"/>
        <line num="14" count="1" type="stmt"/>
      </file>
    </package>
    <package name="ListApp.components">
      <metrics statements="24" coveredstatements="8" conditionals="9" coveredconditionals="1" methods="7" coveredmethods="1"/>
      <file name="CustomHeaderButton.js" path="/Users/Steini/Desktop/HÍ_2020/Gæðastjórnun/Project/sqm/ListApp/components/CustomHeaderButton.js">
        <metrics statements="2" coveredstatements="2" conditionals="2" coveredconditionals="1" methods="1" coveredmethods="1"/>
        <line num="8" count="1" type="stmt"/>
        <line num="9" count="1" type="stmt"/>
      </file>
      <file name="Input.js" path="/Users/Steini/Desktop/HÍ_2020/Gæðastjórnun/Project/sqm/ListApp/components/Input.js">
        <metrics statements="16" coveredstatements="2" conditionals="7" coveredconditionals="0" methods="4" coveredmethods="0"/>
        <line num="4" count="1" type="stmt"/>
        <line num="5" count="0" type="stmt"/>
        <line num="6" count="0" type="stmt"/>
        <line num="7" count="0" type="stmt"/>
        <line num="9" count="0" type="stmt"/>
        <line num="11" count="0" type="stmt"/>
        <line num="12" count="0" type="cond" truecount="0" falsecount="2"/>
        <line num="13" count="0" type="stmt"/>
        <line num="17" count="0" type="stmt"/>
        <line num="18" count="0" type="stmt"/>
        <line num="19" count="0" type="cond" truecount="0" falsecount="2"/>
        <line num="20" count="0" type="stmt"/>
        <line num="22" count="0" type="stmt"/>
        <line num="26" count="0" type="stmt"/>
        <line num="34" count="0" type="stmt"/>
        <line num="46" count="1" type="stmt"/>
      </file>
      <file name="ListItem.js" path="/Users/Steini/Desktop/HÍ_2020/Gæðastjórnun/Project/sqm/ListApp/components/ListItem.js">
        <metrics statements="3" coveredstatements="2" conditionals="0" coveredconditionals="0" methods="1" coveredmethods="0"/>
        <line num="5" count="1" type="stmt"/>
        <line num="6" count="0" type="stmt"/>
        <line num="17" count="1" type="stmt"/>
      </file>
      <file name="Thumbnail.js" path="/Users/Steini/Desktop/HÍ_2020/Gæðastjórnun/Project/sqm/ListApp/components/Thumbnail.js">
        <metrics statements="3" coveredstatements="2" conditionals="0" coveredconditionals="0" methods="1" coveredmethods="0"/>
        <line num="5" count="1" type="stmt"/>
        <line num="6" count="0" type="stmt"/>
        <line num="13" count="1" type="stmt"/>
      </file>
    </package>
    <package name="ListApp.constants">
      <metrics statements="0" coveredstatements="0" conditionals="0" coveredconditionals="0" methods="0" coveredmethods="0"/>
      <file name="Colors.js" path="/Users/Steini/Desktop/HÍ_2020/Gæðastjórnun/Project/sqm/ListApp/constants/Colors.js">
        <metrics statements="0" coveredstatements="0" conditionals="0" coveredconditionals="0" methods="0" coveredmethods="0"/>
      </file>
    </package>
    <package name="ListApp.models">
      <metrics statements="3" coveredstatements="0" conditionals="0" coveredconditionals="0" methods="1" coveredmethods="0"/>
      <file name="item.js" path="/Users/Steini/Desktop/HÍ_2020/Gæðastjórnun/Project/sqm/ListApp/models/item.js">
        <metrics statements="3" coveredstatements="0" conditionals="0" coveredconditionals="0" methods="1" coveredmethods="0"/>
        <line num="3" count="0" type="stmt"/>
        <line num="4" count="0" type="stmt"/>
        <line num="5" count="0" type="stmt"/>
      </file>
    </package>
    <package name="ListApp.navigation">
      <metrics statements="1" coveredstatements="1" conditionals="4" coveredconditionals="2" methods="0" coveredmethods="0"/>
      <file name="ListNavigator.js" path="/Users/Steini/Desktop/HÍ_2020/Gæðastjórnun/Project/sqm/ListApp/navigation/ListNavigator.js">
        <metrics statements="1" coveredstatements="1" conditionals="4" coveredconditionals="2" methods="0" coveredmethods="0"/>
        <line num="11" count="1" type="stmt"/>
      </file>
    </package>
    <package name="ListApp.screens">
      <metrics statements="60" coveredstatements="14" conditionals="12" coveredconditionals="1" methods="20" coveredmethods="3"/>
      <file name="ItemDetailScreen.js" path="/Users/Steini/Desktop/HÍ_2020/Gæðastjórnun/Project/sqm/ListApp/screens/ItemDetailScreen.js">
        <metrics statements="17" coveredstatements="3" conditionals="2" coveredconditionals="0" methods="6" coveredmethods="0"/>
        <line num="9" count="1" type="stmt"/>
        <line num="10" count="0" type="stmt"/>
        <line num="11" count="0" type="stmt"/>
        <line num="12" count="0" type="stmt"/>
        <line num="13" count="0" type="stmt"/>
        <line num="15" count="0" type="stmt"/>
        <line num="16" count="0" type="stmt"/>
        <line num="17" count="0" type="stmt"/>
        <line num="20" count="0" type="stmt"/>
        <line num="21" count="0" type="stmt"/>
        <line num="24" count="0" type="cond" truecount="0" falsecount="2"/>
        <line num="25" count="0" type="stmt"/>
        <line num="28" count="0" type="stmt"/>
        <line num="42" count="1" type="stmt"/>
        <line num="43" count="0" type="stmt"/>
        <line num="44" count="0" type="stmt"/>
        <line num="53" count="1" type="stmt"/>
      </file>
      <file name="ListScreen.js" path="/Users/Steini/Desktop/HÍ_2020/Gæðastjórnun/Project/sqm/ListApp/screens/ListScreen.js">
        <metrics statements="13" coveredstatements="7" conditionals="2" coveredconditionals="1" methods="7" coveredmethods="3"/>
        <line num="8" count="1" type="stmt"/>
        <line num="9" count="2" type="stmt"/>
        <line num="10" count="1" type="cond" truecount="1" falsecount="1"/>
        <line num="11" count="1" type="stmt"/>
        <line num="20" count="0" type="stmt"/>
        <line num="21" count="0" type="stmt"/>
        <line num="26" count="0" type="stmt"/>
        <line num="36" count="0" type="stmt"/>
        <line num="40" count="0" type="stmt"/>
        <line num="47" count="1" type="stmt"/>
        <line num="48" count="1" type="stmt"/>
        <line num="56" count="0" type="stmt"/>
        <line num="66" count="1" type="stmt"/>
      </file>
      <file name="NewItemScreen.js" path="/Users/Steini/Desktop/HÍ_2020/Gæðastjórnun/Project/sqm/ListApp/screens/NewItemScreen.js">
        <metrics statements="30" coveredstatements="4" conditionals="8" coveredconditionals="0" methods="7" coveredmethods="0"/>
        <line num="8" count="1" type="stmt"/>
        <line num="9" count="0" type="cond" truecount="0" falsecount="2"/>
        <line num="10" count="0" type="stmt"/>
        <line num="14" count="0" type="stmt"/>
        <line num="18" count="0" type="stmt"/>
        <line num="19" count="0" type="stmt"/>
        <line num="20" count="0" type="cond" truecount="0" falsecount="2"/>
        <line num="22" count="0" type="stmt"/>
        <line num="28" count="0" type="stmt"/>
        <line num="31" count="1" type="stmt"/>
        <line num="32" count="0" type="stmt"/>
        <line num="33" count="0" type="stmt"/>
        <line num="34" count="0" type="stmt"/>
        <line num="46" count="0" type="stmt"/>
        <line num="48" count="0" type="stmt"/>
        <line num="58" count="0" type="stmt"/>
        <line num="59" count="0" type="cond" truecount="0" falsecount="2"/>
        <line num="60" count="0" type="stmt"/>
        <line num="63" count="0" type="stmt"/>
        <line num="65" count="0" type="stmt"/>
        <line num="68" count="0" type="stmt"/>
        <line num="71" count="0" type="stmt"/>
        <line num="72" count="0" type="stmt"/>
        <line num="73" count="0" type="stmt"/>
        <line num="74" count="0" type="stmt"/>
        <line num="75" count="0" type="stmt"/>
        <line num="78" count="0" type="stmt"/>
        <line num="109" count="1" type="stmt"/>
        <line num="110" count="0" type="stmt"/>
        <line num="115" count="1" type="stmt"/>
      </file>
    </package>
    <package name="ListApp.store.actions">
      <metrics statements="6" coveredstatements="4" conditionals="0" coveredconditionals="0" methods="2" coveredmethods="0"/>
      <file name="list.js" path="/Users/Steini/Desktop/HÍ_2020/Gæðastjórnun/Project/sqm/ListApp/store/actions/list.js">
        <metrics statements="6" coveredstatements="4" conditionals="0" coveredconditionals="0" methods="2" coveredmethods="0"/>
        <line num="1" count="1" type="stmt"/>
        <line num="2" count="1" type="stmt"/>
        <line num="4" count="1" type="stmt"/>
        <line num="5" count="0" type="stmt"/>
        <line num="11" count="1" type="stmt"/>
        <line num="12" count="0" type="stmt"/>
      </file>
    </package>
    <package name="ListApp.store.reducers">
      <metrics statements="10" coveredstatements="4" conditionals="4" coveredconditionals="2" methods="3" coveredmethods="1"/>
      <file name="list.js" path="/Users/Steini/Desktop/HÍ_2020/Gæðastjórnun/Project/sqm/ListApp/store/reducers/list.js">
        <metrics statements="10" coveredstatements="4" conditionals="4" coveredconditionals="2" methods="3" coveredmethods="1"/>
        <line num="5" count="1" type="stmt"/>
        <line num="9" count="1" type="cond" truecount="1" falsecount="0"/>
        <line num="10" count="3" type="cond" truecount="1" falsecount="2"/>
        <line num="12" count="0" type="stmt"/>
        <line num="17" count="0" type="stmt"/>
        <line num="19" count="0" type="stmt"/>
        <line num="20" count="0" type="stmt"/>
        <line num="21" count="0" type="stmt"/>
        <line num="23" count="0" type="stmt"/>
        <line num="27" count="3" type="stmt"/>
      </file>
    </package>
  </project>
</coverage>
