{"/Users/Steini/Desktop/HÍ_2020/Gæðastjórnun/Project/sqm/ListApp/App.js": {"path":"/Users/Steini/Desktop/HÍ_2020/Gæðastjórnun/Project/sqm/ListApp/App.js","statementMap":{"0":{"start":{"line":7,"column":20},"end":{"line":9,"column":2}},"1":{"start":{"line":11,"column":14},"end":{"line":11,"column":38}},"2":{"start":{"line":14,"column":2},"end":{"line":18,"column":4}}},"fnMap":{"0":{"name":"App","decl":{"start":{"line":13,"column":24},"end":{"line":13,"column":27}},"loc":{"start":{"line":13,"column":30},"end":{"line":19,"column":1}},"line":13}},"branchMap":{},"s":{"0":1,"1":1,"2":1},"f":{"0":1},"b":{},"_coverageSchema":"43e27e138ebf9cfc5966b082cf9a028302ed4184","hash":"6d769aa29a906261beb32c91719aeb09b1450c2d"}
,"/Users/Steini/Desktop/HÍ_2020/Gæðastjórnun/Project/sqm/ListApp/components/CustomHeaderButton.js": {"path":"/Users/Steini/Desktop/HÍ_2020/Gæðastjórnun/Project/sqm/ListApp/components/CustomHeaderButton.js","statementMap":{"0":{"start":{"line":8,"column":27},"end":{"line":17,"column":1}},"1":{"start":{"line":9,"column":2},"end":{"line":16,"column":4}}},"fnMap":{"0":{"name":"(anonymous_0)","decl":{"start":{"line":8,"column":27},"end":{"line":8,"column":28}},"loc":{"start":{"line":8,"column":36},"end":{"line":17,"column":1}},"line":8}},"branchMap":{"0":{"loc":{"start":{"line":14,"column":13},"end":{"line":14,"column":64}},"type":"cond-expr","locations":[{"start":{"line":14,"column":40},"end":{"line":14,"column":47}},{"start":{"line":14,"column":50},"end":{"line":14,"column":64}}],"line":14}},"s":{"0":1,"1":1},"f":{"0":1},"b":{"0":[0,1]},"_coverageSchema":"43e27e138ebf9cfc5966b082cf9a028302ed4184","hash":"2b230de0d3e927572d54df3ae4299ede37827858"}
,"/Users/Steini/Desktop/HÍ_2020/Gæðastjórnun/Project/sqm/ListApp/components/Input.js": {"path":"/Users/Steini/Desktop/HÍ_2020/Gæðastjórnun/Project/sqm/ListApp/components/Input.js","statementMap":{"0":{"start":{"line":4,"column":14},"end":{"line":44,"column":1}},"1":{"start":{"line":5,"column":32},"end":{"line":5,"column":47}},"2":{"start":{"line":6,"column":32},"end":{"line":6,"column":47}},"3":{"start":{"line":7,"column":42},"end":{"line":7,"column":54}},"4":{"start":{"line":9,"column":32},"end":{"line":9,"column":37}},"5":{"start":{"line":11,"column":2},"end":{"line":15,"column":54}},"6":{"start":{"line":12,"column":4},"end":{"line":14,"column":5}},"7":{"start":{"line":13,"column":6},"end":{"line":13,"column":47}},"8":{"start":{"line":17,"column":28},"end":{"line":24,"column":3}},"9":{"start":{"line":18,"column":4},"end":{"line":18,"column":26}},"10":{"start":{"line":19,"column":4},"end":{"line":23,"column":5}},"11":{"start":{"line":20,"column":6},"end":{"line":20,"column":24}},"12":{"start":{"line":22,"column":6},"end":{"line":22,"column":23}},"13":{"start":{"line":26,"column":2},"end":{"line":43,"column":4}},"14":{"start":{"line":34,"column":10},"end":{"line":34,"column":27}},"15":{"start":{"line":46,"column":15},"end":{"line":67,"column":2}}},"fnMap":{"0":{"name":"(anonymous_0)","decl":{"start":{"line":4,"column":14},"end":{"line":4,"column":15}},"loc":{"start":{"line":4,"column":23},"end":{"line":44,"column":1}},"line":4},"1":{"name":"(anonymous_1)","decl":{"start":{"line":11,"column":12},"end":{"line":11,"column":13}},"loc":{"start":{"line":11,"column":18},"end":{"line":15,"column":3}},"line":11},"2":{"name":"(anonymous_2)","decl":{"start":{"line":17,"column":28},"end":{"line":17,"column":29}},"loc":{"start":{"line":17,"column":36},"end":{"line":24,"column":3}},"line":17},"3":{"name":"(anonymous_3)","decl":{"start":{"line":33,"column":16},"end":{"line":33,"column":17}},"loc":{"start":{"line":33,"column":22},"end":{"line":35,"column":9}},"line":33}},"branchMap":{"0":{"loc":{"start":{"line":12,"column":4},"end":{"line":14,"column":5}},"type":"if","locations":[{"start":{"line":12,"column":4},"end":{"line":14,"column":5}},{"start":{"line":12,"column":4},"end":{"line":14,"column":5}}],"line":12},"1":{"loc":{"start":{"line":19,"column":4},"end":{"line":23,"column":5}},"type":"if","locations":[{"start":{"line":19,"column":4},"end":{"line":23,"column":5}},{"start":{"line":19,"column":4},"end":{"line":23,"column":5}}],"line":19},"2":{"loc":{"start":{"line":37,"column":7},"end":{"line":41,"column":7}},"type":"binary-expr","locations":[{"start":{"line":37,"column":7},"end":{"line":37,"column":15}},{"start":{"line":37,"column":19},"end":{"line":37,"column":26}},{"start":{"line":38,"column":8},"end":{"line":40,"column":15}}],"line":37}},"s":{"0":1,"1":0,"2":0,"3":0,"4":0,"5":0,"6":0,"7":0,"8":0,"9":0,"10":0,"11":0,"12":0,"13":0,"14":0,"15":1},"f":{"0":0,"1":0,"2":0,"3":0},"b":{"0":[0,0],"1":[0,0],"2":[0,0,0]},"_coverageSchema":"43e27e138ebf9cfc5966b082cf9a028302ed4184","hash":"cf6dccbf64de659bdae1b6a28d7fd297979931e8"}
,"/Users/Steini/Desktop/HÍ_2020/Gæðastjórnun/Project/sqm/ListApp/components/ListItem.js": {"path":"/Users/Steini/Desktop/HÍ_2020/Gæðastjórnun/Project/sqm/ListApp/components/ListItem.js","statementMap":{"0":{"start":{"line":5,"column":17},"end":{"line":15,"column":1}},"1":{"start":{"line":6,"column":2},"end":{"line":14,"column":4}},"2":{"start":{"line":17,"column":15},"end":{"line":42,"column":2}}},"fnMap":{"0":{"name":"(anonymous_0)","decl":{"start":{"line":5,"column":17},"end":{"line":5,"column":18}},"loc":{"start":{"line":5,"column":26},"end":{"line":15,"column":1}},"line":5}},"branchMap":{},"s":{"0":1,"1":0,"2":1},"f":{"0":0},"b":{},"_coverageSchema":"43e27e138ebf9cfc5966b082cf9a028302ed4184","hash":"9a956b9878f8ed392cbe967715bd5a04ee1eb1fd"}
,"/Users/Steini/Desktop/HÍ_2020/Gæðastjórnun/Project/sqm/ListApp/components/Thumbnail.js": {"path":"/Users/Steini/Desktop/HÍ_2020/Gæðastjórnun/Project/sqm/ListApp/components/Thumbnail.js","statementMap":{"0":{"start":{"line":5,"column":18},"end":{"line":11,"column":1}},"1":{"start":{"line":6,"column":2},"end":{"line":10,"column":4}},"2":{"start":{"line":13,"column":15},"end":{"line":25,"column":2}}},"fnMap":{"0":{"name":"(anonymous_0)","decl":{"start":{"line":5,"column":18},"end":{"line":5,"column":19}},"loc":{"start":{"line":5,"column":27},"end":{"line":11,"column":1}},"line":5}},"branchMap":{},"s":{"0":1,"1":0,"2":1},"f":{"0":0},"b":{},"_coverageSchema":"43e27e138ebf9cfc5966b082cf9a028302ed4184","hash":"8c6ff863ad432fc5026687a7f95beb1e8452cc9d"}
,"/Users/Steini/Desktop/HÍ_2020/Gæðastjórnun/Project/sqm/ListApp/constants/Colors.js": {"path":"/Users/Steini/Desktop/HÍ_2020/Gæðastjórnun/Project/sqm/ListApp/constants/Colors.js","statementMap":{},"fnMap":{},"branchMap":{},"s":{},"f":{},"b":{},"_coverageSchema":"43e27e138ebf9cfc5966b082cf9a028302ed4184","hash":"98d873cd14415e6fc365c88e921332bc179143ac"}
,"/Users/Steini/Desktop/HÍ_2020/Gæðastjórnun/Project/sqm/ListApp/models/item.js": {"path":"/Users/Steini/Desktop/HÍ_2020/Gæðastjórnun/Project/sqm/ListApp/models/item.js","statementMap":{"0":{"start":{"line":3,"column":4},"end":{"line":3,"column":17}},"1":{"start":{"line":4,"column":4},"end":{"line":4,"column":23}},"2":{"start":{"line":5,"column":4},"end":{"line":5,"column":35}}},"fnMap":{"0":{"name":"(anonymous_0)","decl":{"start":{"line":2,"column":2},"end":{"line":2,"column":3}},"loc":{"start":{"line":2,"column":38},"end":{"line":6,"column":3}},"line":2}},"branchMap":{},"s":{"0":0,"1":0,"2":0},"f":{"0":0},"b":{},"_coverageSchema":"43e27e138ebf9cfc5966b082cf9a028302ed4184","hash":"da86acc59d95d434ce68c4796d256b8692e44523"}
,"/Users/Steini/Desktop/HÍ_2020/Gæðastjórnun/Project/sqm/ListApp/navigation/ListNavigator.js": {"path":"/Users/Steini/Desktop/HÍ_2020/Gæðastjórnun/Project/sqm/ListApp/navigation/ListNavigator.js","statementMap":{"0":{"start":{"line":11,"column":22},"end":{"line":25,"column":1}}},"fnMap":{},"branchMap":{"0":{"loc":{"start":{"line":20,"column":25},"end":{"line":20,"column":71}},"type":"cond-expr","locations":[{"start":{"line":20,"column":52},"end":{"line":20,"column":66}},{"start":{"line":20,"column":69},"end":{"line":20,"column":71}}],"line":20},"1":{"loc":{"start":{"line":22,"column":23},"end":{"line":22,"column":70}},"type":"cond-expr","locations":[{"start":{"line":22,"column":46},"end":{"line":22,"column":60}},{"start":{"line":22,"column":63},"end":{"line":22,"column":70}}],"line":22}},"s":{"0":1},"f":{},"b":{"0":[0,1],"1":[1,0]},"_coverageSchema":"43e27e138ebf9cfc5966b082cf9a028302ed4184","hash":"0e7f1df94c3c73afbdc629ffe374b338f4dc5ab1"}
,"/Users/Steini/Desktop/HÍ_2020/Gæðastjórnun/Project/sqm/ListApp/screens/ItemDetailScreen.js": {"path":"/Users/Steini/Desktop/HÍ_2020/Gæðastjórnun/Project/sqm/ListApp/screens/ItemDetailScreen.js","statementMap":{"0":{"start":{"line":9,"column":25},"end":{"line":40,"column":1}},"1":{"start":{"line":10,"column":16},"end":{"line":10,"column":55}},"2":{"start":{"line":10,"column":37},"end":{"line":10,"column":54}},"3":{"start":{"line":11,"column":17},"end":{"line":11,"column":52}},"4":{"start":{"line":12,"column":23},"end":{"line":12,"column":61}},"5":{"start":{"line":12,"column":42},"end":{"line":12,"column":60}},"6":{"start":{"line":13,"column":19},"end":{"line":13,"column":32}},"7":{"start":{"line":15,"column":24},"end":{"line":18,"column":24}},"8":{"start":{"line":16,"column":4},"end":{"line":16,"column":30}},"9":{"start":{"line":17,"column":4},"end":{"line":17,"column":37}},"10":{"start":{"line":20,"column":2},"end":{"line":22,"column":22}},"11":{"start":{"line":21,"column":4},"end":{"line":21,"column":58}},"12":{"start":{"line":24,"column":2},"end":{"line":26,"column":3}},"13":{"start":{"line":25,"column":4},"end":{"line":25,"column":25}},"14":{"start":{"line":28,"column":2},"end":{"line":39,"column":4}},"15":{"start":{"line":42,"column":0},"end":{"line":51,"column":2}},"16":{"start":{"line":43,"column":19},"end":{"line":43,"column":56}},"17":{"start":{"line":44,"column":2},"end":{"line":50,"column":4}},"18":{"start":{"line":53,"column":15},"end":{"line":76,"column":2}}},"fnMap":{"0":{"name":"(anonymous_0)","decl":{"start":{"line":9,"column":25},"end":{"line":9,"column":26}},"loc":{"start":{"line":9,"column":34},"end":{"line":40,"column":1}},"line":9},"1":{"name":"(anonymous_1)","decl":{"start":{"line":10,"column":28},"end":{"line":10,"column":29}},"loc":{"start":{"line":10,"column":37},"end":{"line":10,"column":54}},"line":10},"2":{"name":"(anonymous_2)","decl":{"start":{"line":12,"column":34},"end":{"line":12,"column":35}},"loc":{"start":{"line":12,"column":42},"end":{"line":12,"column":60}},"line":12},"3":{"name":"(anonymous_3)","decl":{"start":{"line":15,"column":36},"end":{"line":15,"column":37}},"loc":{"start":{"line":15,"column":42},"end":{"line":18,"column":3}},"line":15},"4":{"name":"(anonymous_4)","decl":{"start":{"line":20,"column":12},"end":{"line":20,"column":13}},"loc":{"start":{"line":20,"column":18},"end":{"line":22,"column":3}},"line":20},"5":{"name":"(anonymous_5)","decl":{"start":{"line":42,"column":37},"end":{"line":42,"column":38}},"loc":{"start":{"line":42,"column":48},"end":{"line":51,"column":1}},"line":42}},"branchMap":{"0":{"loc":{"start":{"line":24,"column":2},"end":{"line":26,"column":3}},"type":"if","locations":[{"start":{"line":24,"column":2},"end":{"line":26,"column":3}},{"start":{"line":24,"column":2},"end":{"line":26,"column":3}}],"line":24}},"s":{"0":1,"1":0,"2":0,"3":0,"4":0,"5":0,"6":0,"7":0,"8":0,"9":0,"10":0,"11":0,"12":0,"13":0,"14":0,"15":1,"16":0,"17":0,"18":1},"f":{"0":0,"1":0,"2":0,"3":0,"4":0,"5":0},"b":{"0":[0,0]},"_coverageSchema":"43e27e138ebf9cfc5966b082cf9a028302ed4184","hash":"40270bf79b7829fdb8fe82a3315e11894aba8758"}
,"/Users/Steini/Desktop/HÍ_2020/Gæðastjórnun/Project/sqm/ListApp/screens/ListScreen.js": {"path":"/Users/Steini/Desktop/HÍ_2020/Gæðastjórnun/Project/sqm/ListApp/screens/ListScreen.js","statementMap":{"0":{"start":{"line":8,"column":19},"end":{"line":45,"column":1}},"1":{"start":{"line":9,"column":16},"end":{"line":9,"column":55}},"2":{"start":{"line":9,"column":37},"end":{"line":9,"column":54}},"3":{"start":{"line":10,"column":2},"end":{"line":19,"column":3}},"4":{"start":{"line":11,"column":4},"end":{"line":18,"column":6}},"5":{"start":{"line":20,"column":25},"end":{"line":35,"column":3}},"6":{"start":{"line":21,"column":4},"end":{"line":34,"column":6}},"7":{"start":{"line":26,"column":10},"end":{"line":31,"column":13}},"8":{"start":{"line":36,"column":2},"end":{"line":44,"column":4}},"9":{"start":{"line":40,"column":30},"end":{"line":40,"column":37}},"10":{"start":{"line":47,"column":0},"end":{"line":64,"column":2}},"11":{"start":{"line":48,"column":2},"end":{"line":63,"column":4}},"12":{"start":{"line":56,"column":12},"end":{"line":58,"column":15}},"13":{"start":{"line":66,"column":15},"end":{"line":74,"column":2}}},"fnMap":{"0":{"name":"(anonymous_0)","decl":{"start":{"line":8,"column":19},"end":{"line":8,"column":20}},"loc":{"start":{"line":8,"column":28},"end":{"line":45,"column":1}},"line":8},"1":{"name":"(anonymous_1)","decl":{"start":{"line":9,"column":28},"end":{"line":9,"column":29}},"loc":{"start":{"line":9,"column":37},"end":{"line":9,"column":54}},"line":9},"2":{"name":"(anonymous_2)","decl":{"start":{"line":20,"column":25},"end":{"line":20,"column":26}},"loc":{"start":{"line":20,"column":37},"end":{"line":35,"column":3}},"line":20},"3":{"name":"(anonymous_3)","decl":{"start":{"line":25,"column":18},"end":{"line":25,"column":19}},"loc":{"start":{"line":25,"column":24},"end":{"line":32,"column":9}},"line":25},"4":{"name":"(anonymous_4)","decl":{"start":{"line":40,"column":22},"end":{"line":40,"column":23}},"loc":{"start":{"line":40,"column":30},"end":{"line":40,"column":37}},"line":40},"5":{"name":"(anonymous_5)","decl":{"start":{"line":47,"column":31},"end":{"line":47,"column":32}},"loc":{"start":{"line":47,"column":42},"end":{"line":64,"column":1}},"line":47},"6":{"name":"(anonymous_6)","decl":{"start":{"line":55,"column":19},"end":{"line":55,"column":20}},"loc":{"start":{"line":55,"column":25},"end":{"line":59,"column":11}},"line":55}},"branchMap":{"0":{"loc":{"start":{"line":10,"column":2},"end":{"line":19,"column":3}},"type":"if","locations":[{"start":{"line":10,"column":2},"end":{"line":19,"column":3}},{"start":{"line":10,"column":2},"end":{"line":19,"column":3}}],"line":10}},"s":{"0":1,"1":1,"2":2,"3":1,"4":1,"5":0,"6":0,"7":0,"8":0,"9":0,"10":1,"11":1,"12":0,"13":1},"f":{"0":1,"1":2,"2":0,"3":0,"4":0,"5":1,"6":0},"b":{"0":[1,0]},"_coverageSchema":"43e27e138ebf9cfc5966b082cf9a028302ed4184","hash":"59921c4337b5ed29536e494a7eeb412389b86950"}
,"/Users/Steini/Desktop/HÍ_2020/Gæðastjórnun/Project/sqm/ListApp/screens/NewItemScreen.js": {"path":"/Users/Steini/Desktop/HÍ_2020/Gæðastjórnun/Project/sqm/ListApp/screens/NewItemScreen.js","statementMap":{"0":{"start":{"line":8,"column":20},"end":{"line":29,"column":1}},"1":{"start":{"line":9,"column":2},"end":{"line":27,"column":3}},"2":{"start":{"line":10,"column":26},"end":{"line":13,"column":5}},"3":{"start":{"line":14,"column":30},"end":{"line":17,"column":5}},"4":{"start":{"line":18,"column":29},"end":{"line":18,"column":33}},"5":{"start":{"line":19,"column":4},"end":{"line":21,"column":5}},"6":{"start":{"line":20,"column":6},"end":{"line":20,"column":72}},"7":{"start":{"line":22,"column":4},"end":{"line":26,"column":6}},"8":{"start":{"line":28,"column":2},"end":{"line":28,"column":15}},"9":{"start":{"line":31,"column":22},"end":{"line":107,"column":1}},"10":{"start":{"line":32,"column":16},"end":{"line":32,"column":55}},"11":{"start":{"line":32,"column":37},"end":{"line":32,"column":54}},"12":{"start":{"line":33,"column":19},"end":{"line":33,"column":32}},"13":{"start":{"line":34,"column":41},"end":{"line":44,"column":4}},"14":{"start":{"line":46,"column":29},"end":{"line":56,"column":3}},"15":{"start":{"line":48,"column":6},"end":{"line":53,"column":9}},"16":{"start":{"line":58,"column":24},"end":{"line":69,"column":3}},"17":{"start":{"line":59,"column":4},"end":{"line":64,"column":5}},"18":{"start":{"line":60,"column":6},"end":{"line":62,"column":9}},"19":{"start":{"line":63,"column":6},"end":{"line":63,"column":13}},"20":{"start":{"line":65,"column":4},"end":{"line":67,"column":6}},"21":{"start":{"line":68,"column":4},"end":{"line":68,"column":30}},"22":{"start":{"line":71,"column":29},"end":{"line":76,"column":3}},"23":{"start":{"line":72,"column":17},"end":{"line":72,"column":57}},"24":{"start":{"line":73,"column":22},"end":{"line":73,"column":33}},"25":{"start":{"line":74,"column":4},"end":{"line":74,"column":64}},"26":{"start":{"line":75,"column":4},"end":{"line":75,"column":30}},"27":{"start":{"line":78,"column":2},"end":{"line":106,"column":4}},"28":{"start":{"line":109,"column":0},"end":{"line":113,"column":2}},"29":{"start":{"line":110,"column":2},"end":{"line":112,"column":4}},"30":{"start":{"line":115,"column":15},"end":{"line":135,"column":2}}},"fnMap":{"0":{"name":"(anonymous_0)","decl":{"start":{"line":8,"column":20},"end":{"line":8,"column":21}},"loc":{"start":{"line":8,"column":39},"end":{"line":29,"column":1}},"line":8},"1":{"name":"(anonymous_1)","decl":{"start":{"line":31,"column":22},"end":{"line":31,"column":23}},"loc":{"start":{"line":31,"column":31},"end":{"line":107,"column":1}},"line":31},"2":{"name":"(anonymous_2)","decl":{"start":{"line":32,"column":28},"end":{"line":32,"column":29}},"loc":{"start":{"line":32,"column":37},"end":{"line":32,"column":54}},"line":32},"3":{"name":"(anonymous_3)","decl":{"start":{"line":47,"column":4},"end":{"line":47,"column":5}},"loc":{"start":{"line":47,"column":52},"end":{"line":54,"column":5}},"line":47},"4":{"name":"(anonymous_4)","decl":{"start":{"line":58,"column":24},"end":{"line":58,"column":25}},"loc":{"start":{"line":58,"column":30},"end":{"line":69,"column":3}},"line":58},"5":{"name":"(anonymous_5)","decl":{"start":{"line":71,"column":29},"end":{"line":71,"column":30}},"loc":{"start":{"line":71,"column":35},"end":{"line":76,"column":3}},"line":71},"6":{"name":"(anonymous_6)","decl":{"start":{"line":109,"column":34},"end":{"line":109,"column":35}},"loc":{"start":{"line":109,"column":40},"end":{"line":113,"column":1}},"line":109}},"branchMap":{"0":{"loc":{"start":{"line":9,"column":2},"end":{"line":27,"column":3}},"type":"if","locations":[{"start":{"line":9,"column":2},"end":{"line":27,"column":3}},{"start":{"line":9,"column":2},"end":{"line":27,"column":3}}],"line":9},"1":{"loc":{"start":{"line":20,"column":27},"end":{"line":20,"column":71}},"type":"binary-expr","locations":[{"start":{"line":20,"column":27},"end":{"line":20,"column":45}},{"start":{"line":20,"column":49},"end":{"line":20,"column":71}}],"line":20},"2":{"loc":{"start":{"line":59,"column":4},"end":{"line":64,"column":5}},"type":"if","locations":[{"start":{"line":59,"column":4},"end":{"line":64,"column":5}},{"start":{"line":59,"column":4},"end":{"line":64,"column":5}}],"line":59},"3":{"loc":{"start":{"line":100,"column":22},"end":{"line":100,"column":53}},"type":"cond-expr","locations":[{"start":{"line":100,"column":41},"end":{"line":100,"column":46}},{"start":{"line":100,"column":49},"end":{"line":100,"column":53}}],"line":100}},"s":{"0":1,"1":0,"2":0,"3":0,"4":0,"5":0,"6":0,"7":0,"8":0,"9":1,"10":0,"11":0,"12":0,"13":0,"14":0,"15":0,"16":0,"17":0,"18":0,"19":0,"20":0,"21":0,"22":0,"23":0,"24":0,"25":0,"26":0,"27":0,"28":1,"29":0,"30":1},"f":{"0":0,"1":0,"2":0,"3":0,"4":0,"5":0,"6":0},"b":{"0":[0,0],"1":[0,0],"2":[0,0],"3":[0,0]},"_coverageSchema":"43e27e138ebf9cfc5966b082cf9a028302ed4184","hash":"9c7acd97d0e843a0ff22db5e0cca08497e2af8e8"}
,"/Users/Steini/Desktop/HÍ_2020/Gæðastjórnun/Project/sqm/ListApp/store/actions/list.js": {"path":"/Users/Steini/Desktop/HÍ_2020/Gæðastjórnun/Project/sqm/ListApp/store/actions/list.js","statementMap":{"0":{"start":{"line":1,"column":27},"end":{"line":1,"column":40}},"1":{"start":{"line":2,"column":32},"end":{"line":2,"column":50}},"2":{"start":{"line":4,"column":25},"end":{"line":9,"column":1}},"3":{"start":{"line":5,"column":2},"end":{"line":8,"column":4}},"4":{"start":{"line":11,"column":30},"end":{"line":16,"column":1}},"5":{"start":{"line":12,"column":2},"end":{"line":15,"column":4}}},"fnMap":{"0":{"name":"(anonymous_0)","decl":{"start":{"line":4,"column":25},"end":{"line":4,"column":26}},"loc":{"start":{"line":4,"column":49},"end":{"line":9,"column":1}},"line":4},"1":{"name":"(anonymous_1)","decl":{"start":{"line":11,"column":30},"end":{"line":11,"column":31}},"loc":{"start":{"line":11,"column":36},"end":{"line":16,"column":1}},"line":11}},"branchMap":{},"s":{"0":1,"1":1,"2":1,"3":0,"4":1,"5":0},"f":{"0":0,"1":0},"b":{},"_coverageSchema":"43e27e138ebf9cfc5966b082cf9a028302ed4184","hash":"cf8c7c83aa24131e75d660e35a9dc423657a9381"}
,"/Users/Steini/Desktop/HÍ_2020/Gæðastjórnun/Project/sqm/ListApp/store/reducers/list.js": {"path":"/Users/Steini/Desktop/HÍ_2020/Gæðastjórnun/Project/sqm/ListApp/store/reducers/list.js","statementMap":{"0":{"start":{"line":5,"column":21},"end":{"line":7,"column":1}},"1":{"start":{"line":9,"column":20},"end":{"line":29,"column":1}},"2":{"start":{"line":10,"column":2},"end":{"line":28,"column":3}},"3":{"start":{"line":12,"column":22},"end":{"line":16,"column":7}},"4":{"start":{"line":17,"column":6},"end":{"line":17,"column":52}},"5":{"start":{"line":19,"column":27},"end":{"line":19,"column":78}},"6":{"start":{"line":19,"column":52},"end":{"line":19,"column":77}},"7":{"start":{"line":20,"column":27},"end":{"line":22,"column":7}},"8":{"start":{"line":21,"column":16},"end":{"line":21,"column":36}},"9":{"start":{"line":23,"column":6},"end":{"line":25,"column":8}},"10":{"start":{"line":27,"column":6},"end":{"line":27,"column":19}}},"fnMap":{"0":{"name":"(anonymous_0)","decl":{"start":{"line":9,"column":20},"end":{"line":9,"column":21}},"loc":{"start":{"line":9,"column":54},"end":{"line":29,"column":1}},"line":9},"1":{"name":"(anonymous_1)","decl":{"start":{"line":19,"column":44},"end":{"line":19,"column":45}},"loc":{"start":{"line":19,"column":52},"end":{"line":19,"column":77}},"line":19},"2":{"name":"(anonymous_2)","decl":{"start":{"line":21,"column":8},"end":{"line":21,"column":9}},"loc":{"start":{"line":21,"column":16},"end":{"line":21,"column":36}},"line":21}},"branchMap":{"0":{"loc":{"start":{"line":9,"column":21},"end":{"line":9,"column":41}},"type":"default-arg","locations":[{"start":{"line":9,"column":29},"end":{"line":9,"column":41}}],"line":9},"1":{"loc":{"start":{"line":10,"column":2},"end":{"line":28,"column":3}},"type":"switch","locations":[{"start":{"line":11,"column":4},"end":{"line":17,"column":52}},{"start":{"line":18,"column":4},"end":{"line":25,"column":8}},{"start":{"line":26,"column":4},"end":{"line":27,"column":19}}],"line":10}},"s":{"0":1,"1":1,"2":3,"3":0,"4":0,"5":0,"6":0,"7":0,"8":0,"9":0,"10":3},"f":{"0":3,"1":0,"2":0},"b":{"0":[3],"1":[0,0,3]},"_coverageSchema":"43e27e138ebf9cfc5966b082cf9a028302ed4184","hash":"953c618e757249364c3b23549352dc8427fc4d8e"}
}
