TN:
SF:/Users/Steini/Desktop/HÍ_2020/Gæðastjórnun/Project/sqm/ListApp/App.js
FN:13,App
FNF:1
FNH:1
FNDA:1,App
DA:7,1
DA:11,1
DA:14,1
LF:3
LH:3
BRF:0
BRH:0
end_of_record
TN:
SF:/Users/Steini/Desktop/HÍ_2020/Gæðastjórnun/Project/sqm/ListApp/components/CustomHeaderButton.js
FN:8,(anonymous_0)
FNF:1
FNH:1
FNDA:1,(anonymous_0)
DA:8,1
DA:9,1
LF:2
LH:2
BRDA:14,0,0,0
BRDA:14,0,1,1
BRF:2
BRH:1
end_of_record
TN:
SF:/Users/Steini/Desktop/HÍ_2020/Gæðastjórnun/Project/sqm/ListApp/components/Input.js
FN:4,(anonymous_0)
FN:11,(anonymous_1)
FN:17,(anonymous_2)
FN:33,(anonymous_3)
FNF:4
FNH:0
FNDA:0,(anonymous_0)
FNDA:0,(anonymous_1)
FNDA:0,(anonymous_2)
FNDA:0,(anonymous_3)
DA:4,1
DA:5,0
DA:6,0
DA:7,0
DA:9,0
DA:11,0
DA:12,0
DA:13,0
DA:17,0
DA:18,0
DA:19,0
DA:20,0
DA:22,0
DA:26,0
DA:34,0
DA:46,1
LF:16
LH:2
BRDA:12,0,0,0
BRDA:12,0,1,0
BRDA:19,1,0,0
BRDA:19,1,1,0
BRDA:37,2,0,0
BRDA:37,2,1,0
BRDA:37,2,2,0
BRF:7
BRH:0
end_of_record
TN:
SF:/Users/Steini/Desktop/HÍ_2020/Gæðastjórnun/Project/sqm/ListApp/components/ListItem.js
FN:5,(anonymous_0)
FNF:1
FNH:0
FNDA:0,(anonymous_0)
DA:5,1
DA:6,0
DA:17,1
LF:3
LH:2
BRF:0
BRH:0
end_of_record
TN:
SF:/Users/Steini/Desktop/HÍ_2020/Gæðastjórnun/Project/sqm/ListApp/components/Thumbnail.js
FN:5,(anonymous_0)
FNF:1
FNH:0
FNDA:0,(anonymous_0)
DA:5,1
DA:6,0
DA:13,1
LF:3
LH:2
BRF:0
BRH:0
end_of_record
TN:
SF:/Users/Steini/Desktop/HÍ_2020/Gæðastjórnun/Project/sqm/ListApp/constants/Colors.js
FNF:0
FNH:0
LF:0
LH:0
BRF:0
BRH:0
end_of_record
TN:
SF:/Users/Steini/Desktop/HÍ_2020/Gæðastjórnun/Project/sqm/ListApp/models/item.js
FN:2,(anonymous_0)
FNF:1
FNH:0
FNDA:0,(anonymous_0)
DA:3,0
DA:4,0
DA:5,0
LF:3
LH:0
BRF:0
BRH:0
end_of_record
TN:
SF:/Users/Steini/Desktop/HÍ_2020/Gæðastjórnun/Project/sqm/ListApp/navigation/ListNavigator.js
FNF:0
FNH:0
DA:11,1
LF:1
LH:1
BRDA:20,0,0,0
BRDA:20,0,1,1
BRDA:22,1,0,1
BRDA:22,1,1,0
BRF:4
BRH:2
end_of_record
TN:
SF:/Users/Steini/Desktop/HÍ_2020/Gæðastjórnun/Project/sqm/ListApp/screens/ItemDetailScreen.js
FN:9,(anonymous_0)
FN:10,(anonymous_1)
FN:12,(anonymous_2)
FN:15,(anonymous_3)
FN:20,(anonymous_4)
FN:42,(anonymous_5)
FNF:6
FNH:0
FNDA:0,(anonymous_0)
FNDA:0,(anonymous_1)
FNDA:0,(anonymous_2)
FNDA:0,(anonymous_3)
FNDA:0,(anonymous_4)
FNDA:0,(anonymous_5)
DA:9,1
DA:10,0
DA:11,0
DA:12,0
DA:13,0
DA:15,0
DA:16,0
DA:17,0
DA:20,0
DA:21,0
DA:24,0
DA:25,0
DA:28,0
DA:42,1
DA:43,0
DA:44,0
DA:53,1
LF:17
LH:3
BRDA:24,0,0,0
BRDA:24,0,1,0
BRF:2
BRH:0
end_of_record
TN:
SF:/Users/Steini/Desktop/HÍ_2020/Gæðastjórnun/Project/sqm/ListApp/screens/ListScreen.js
FN:8,(anonymous_0)
FN:9,(anonymous_1)
FN:20,(anonymous_2)
FN:25,(anonymous_3)
FN:40,(anonymous_4)
FN:47,(anonymous_5)
FN:55,(anonymous_6)
FNF:7
FNH:3
FNDA:1,(anonymous_0)
FNDA:2,(anonymous_1)
FNDA:0,(anonymous_2)
FNDA:0,(anonymous_3)
FNDA:0,(anonymous_4)
FNDA:1,(anonymous_5)
FNDA:0,(anonymous_6)
DA:8,1
DA:9,2
DA:10,1
DA:11,1
DA:20,0
DA:21,0
DA:26,0
DA:36,0
DA:40,0
DA:47,1
DA:48,1
DA:56,0
DA:66,1
LF:13
LH:7
BRDA:10,0,0,1
BRDA:10,0,1,0
BRF:2
BRH:1
end_of_record
TN:
SF:/Users/Steini/Desktop/HÍ_2020/Gæðastjórnun/Project/sqm/ListApp/screens/NewItemScreen.js
FN:8,(anonymous_0)
FN:31,(anonymous_1)
FN:32,(anonymous_2)
FN:47,(anonymous_3)
FN:58,(anonymous_4)
FN:71,(anonymous_5)
FN:109,(anonymous_6)
FNF:7
FNH:0
FNDA:0,(anonymous_0)
FNDA:0,(anonymous_1)
FNDA:0,(anonymous_2)
FNDA:0,(anonymous_3)
FNDA:0,(anonymous_4)
FNDA:0,(anonymous_5)
FNDA:0,(anonymous_6)
DA:8,1
DA:9,0
DA:10,0
DA:14,0
DA:18,0
DA:19,0
DA:20,0
DA:22,0
DA:28,0
DA:31,1
DA:32,0
DA:33,0
DA:34,0
DA:46,0
DA:48,0
DA:58,0
DA:59,0
DA:60,0
DA:63,0
DA:65,0
DA:68,0
DA:71,0
DA:72,0
DA:73,0
DA:74,0
DA:75,0
DA:78,0
DA:109,1
DA:110,0
DA:115,1
LF:30
LH:4
BRDA:9,0,0,0
BRDA:9,0,1,0
BRDA:20,1,0,0
BRDA:20,1,1,0
BRDA:59,2,0,0
BRDA:59,2,1,0
BRDA:100,3,0,0
BRDA:100,3,1,0
BRF:8
BRH:0
end_of_record
TN:
SF:/Users/Steini/Desktop/HÍ_2020/Gæðastjórnun/Project/sqm/ListApp/store/actions/list.js
FN:4,(anonymous_0)
FN:11,(anonymous_1)
FNF:2
FNH:0
FNDA:0,(anonymous_0)
FNDA:0,(anonymous_1)
DA:1,1
DA:2,1
DA:4,1
DA:5,0
DA:11,1
DA:12,0
LF:6
LH:4
BRF:0
BRH:0
end_of_record
TN:
SF:/Users/Steini/Desktop/HÍ_2020/Gæðastjórnun/Project/sqm/ListApp/store/reducers/list.js
FN:9,(anonymous_0)
FN:19,(anonymous_1)
FN:21,(anonymous_2)
FNF:3
FNH:1
FNDA:3,(anonymous_0)
FNDA:0,(anonymous_1)
FNDA:0,(anonymous_2)
DA:5,1
DA:9,1
DA:10,3
DA:12,0
DA:17,0
DA:19,0
DA:20,0
DA:21,0
DA:23,0
DA:27,3
LF:10
LH:4
BRDA:9,0,0,3
BRDA:10,1,0,0
BRDA:10,1,1,0
BRDA:10,1,2,3
BRF:4
BRH:2
end_of_record
